Analysis & Synthesis report for Computer
Wed Mar 31 23:52:20 2021
Quartus II Version 9.0 Build 132 02/25/2009 SJ Full Version


---------------------
; Table of Contents ;
---------------------
  1. Legal Notice
  2. Analysis & Synthesis Summary
  3. Analysis & Synthesis Settings
  4. Analysis & Synthesis Source Files Read
  5. Analysis & Synthesis Resource Usage Summary
  6. Analysis & Synthesis Resource Utilization by Entity
  7. Registers Removed During Synthesis
  8. General Register Statistics
  9. Inverted Register Statistics
 10. Source assignments for lpm_counter:PC_rtl_0
 11. Source assignments for lpm_add_sub:Add0|addcore:adder
 12. Source assignments for lpm_add_sub:Add2|addcore:adder
 13. Source assignments for lpm_add_sub:Add1|addcore:adder
 14. Parameter Settings for Inferred Entity Instance: lpm_counter:PC_rtl_0
 15. Parameter Settings for Inferred Entity Instance: lpm_add_sub:Add0
 16. Parameter Settings for Inferred Entity Instance: lpm_add_sub:Add2
 17. Parameter Settings for Inferred Entity Instance: lpm_add_sub:Add1
 18. Analysis & Synthesis Messages



----------------
; Legal Notice ;
----------------
Copyright (C) 1991-2009 Altera Corporation
Your use of Altera Corporation's design tools, logic functions 
and other software and tools, and its AMPP partner logic 
functions, and any output files from any of the foregoing 
(including device programming or simulation files), and any 
associated documentation or information are expressly subject 
to the terms and conditions of the Altera Program License 
Subscription Agreement, Altera MegaCore Function License 
Agreement, or other applicable license agreement, including, 
without limitation, that your use is for the sole purpose of 
programming logic devices manufactured by Altera and sold by 
Altera or its authorized distributors.  Please refer to the 
applicable agreement for further details.



+------------------------------------------------------------------------+
; Analysis & Synthesis Summary                                           ;
+-----------------------------+------------------------------------------+
; Analysis & Synthesis Status ; Successful - Wed Mar 31 23:52:20 2021    ;
; Quartus II Version          ; 9.0 Build 132 02/25/2009 SJ Full Version ;
; Revision Name               ; Computer                                 ;
; Top-level Entity Name       ; Computer                                 ;
; Family                      ; FLEX10K                                  ;
; Total logic elements        ; 208                                      ;
; Total pins                  ; 39                                       ;
; Total memory bits           ; 0                                        ;
+-----------------------------+------------------------------------------+


+--------------------------------------------------------------------------------------------------+
; Analysis & Synthesis Settings                                                                    ;
+----------------------------------------------------------------+-----------------+---------------+
; Option                                                         ; Setting         ; Default Value ;
+----------------------------------------------------------------+-----------------+---------------+
; Device                                                         ; EPF10K10TC144-3 ;               ;
; Top-level entity name                                          ; Computer        ; Computer      ;
; Family name                                                    ; FLEX10K         ; Stratix II    ;
; Type of Retiming Performed During Resynthesis                  ; Full            ;               ;
; Resynthesis Optimization Effort                                ; Normal          ;               ;
; Physical Synthesis Level for Resynthesis                       ; Normal          ;               ;
; Use Generated Physical Constraints File                        ; On              ;               ;
; Use smart compilation                                          ; Off             ; Off           ;
; Create Debugging Nodes for IP Cores                            ; Off             ; Off           ;
; Preserve fewer node names                                      ; On              ; On            ;
; Disable OpenCore Plus hardware evaluation                      ; Off             ; Off           ;
; Verilog Version                                                ; Verilog_2001    ; Verilog_2001  ;
; VHDL Version                                                   ; VHDL93          ; VHDL93        ;
; State Machine Processing                                       ; Auto            ; Auto          ;
; Safe State Machine                                             ; Off             ; Off           ;
; Extract Verilog State Machines                                 ; On              ; On            ;
; Extract VHDL State Machines                                    ; On              ; On            ;
; Ignore Verilog initial constructs                              ; Off             ; Off           ;
; Iteration limit for constant Verilog loops                     ; 5000            ; 5000          ;
; Iteration limit for non-constant Verilog loops                 ; 250             ; 250           ;
; Add Pass-Through Logic to Inferred RAMs                        ; On              ; On            ;
; Parallel Synthesis                                             ; Off             ; Off           ;
; NOT Gate Push-Back                                             ; On              ; On            ;
; Power-Up Don't Care                                            ; On              ; On            ;
; Remove Redundant Logic Cells                                   ; Off             ; Off           ;
; Remove Duplicate Registers                                     ; On              ; On            ;
; Ignore CARRY Buffers                                           ; Off             ; Off           ;
; Ignore CASCADE Buffers                                         ; Off             ; Off           ;
; Ignore GLOBAL Buffers                                          ; Off             ; Off           ;
; Ignore ROW GLOBAL Buffers                                      ; Off             ; Off           ;
; Ignore LCELL Buffers                                           ; Off             ; Off           ;
; Ignore SOFT Buffers                                            ; On              ; On            ;
; Limit AHDL Integers to 32 Bits                                 ; Off             ; Off           ;
; Auto Implement in ROM                                          ; Off             ; Off           ;
; Optimization Technique                                         ; Area            ; Area          ;
; Carry Chain Length                                             ; 32              ; 32            ;
; Cascade Chain Length                                           ; 2               ; 2             ;
; Auto Carry Chains                                              ; On              ; On            ;
; Auto Open-Drain Pins                                           ; On              ; On            ;
; Auto ROM Replacement                                           ; On              ; On            ;
; Auto RAM Replacement                                           ; On              ; On            ;
; Auto Clock Enable Replacement                                  ; On              ; On            ;
; Strict RAM Replacement                                         ; Off             ; Off           ;
; Auto Resource Sharing                                          ; Off             ; Off           ;
; Allow Any RAM Size For Recognition                             ; Off             ; Off           ;
; Allow Any ROM Size For Recognition                             ; Off             ; Off           ;
; Use LogicLock Constraints during Resource Balancing            ; On              ; On            ;
; Ignore translate_off and synthesis_off directives              ; Off             ; Off           ;
; Show Parameter Settings Tables in Synthesis Report             ; On              ; On            ;
; HDL message level                                              ; Level2          ; Level2        ;
; Suppress Register Optimization Related Messages                ; Off             ; Off           ;
; Number of Removed Registers Reported in Synthesis Report       ; 100             ; 100           ;
; Number of Inverted Registers Reported in Synthesis Report      ; 100             ; 100           ;
; Block Design Naming                                            ; Auto            ; Auto          ;
; Synthesis Effort                                               ; Auto            ; Auto          ;
; Allows Asynchronous Clear Usage For Shift Register Replacement ; On              ; On            ;
; Analysis & Synthesis Message Level                             ; Medium          ; Medium        ;
+----------------------------------------------------------------+-----------------+---------------+


+----------------------------------------------------------------------------------------------------------------------------------------------------+
; Analysis & Synthesis Source Files Read                                                                                                             ;
+----------------------------------+-----------------+------------------------+----------------------------------------------------------------------+
; File Name with User-Entered Path ; Used in Netlist ; File Type              ; File Name with Absolute Path                                         ;
+----------------------------------+-----------------+------------------------+----------------------------------------------------------------------+
; Computer.v                       ; yes             ; User Verilog HDL File  ; F:/Buet/4-1/EEE 415 Micro/Assignment 1/Code/Computer.v               ;
; lpm_counter.tdf                  ; yes             ; Megafunction           ; c:/altera/90/quartus/libraries/megafunctions/lpm_counter.tdf         ;
; lpm_constant.inc                 ; yes             ; Megafunction           ; c:/altera/90/quartus/libraries/megafunctions/lpm_constant.inc        ;
; lpm_decode.inc                   ; yes             ; Megafunction           ; c:/altera/90/quartus/libraries/megafunctions/lpm_decode.inc          ;
; lpm_add_sub.inc                  ; yes             ; Megafunction           ; c:/altera/90/quartus/libraries/megafunctions/lpm_add_sub.inc         ;
; cmpconst.inc                     ; yes             ; Megafunction           ; c:/altera/90/quartus/libraries/megafunctions/cmpconst.inc            ;
; lpm_compare.inc                  ; yes             ; Megafunction           ; c:/altera/90/quartus/libraries/megafunctions/lpm_compare.inc         ;
; lpm_counter.inc                  ; yes             ; Megafunction           ; c:/altera/90/quartus/libraries/megafunctions/lpm_counter.inc         ;
; dffeea.inc                       ; yes             ; Megafunction           ; c:/altera/90/quartus/libraries/megafunctions/dffeea.inc              ;
; alt_synch_counter.inc            ; yes             ; Megafunction           ; c:/altera/90/quartus/libraries/megafunctions/alt_synch_counter.inc   ;
; alt_synch_counter_f.inc          ; yes             ; Megafunction           ; c:/altera/90/quartus/libraries/megafunctions/alt_synch_counter_f.inc ;
; alt_counter_f10ke.inc            ; yes             ; Megafunction           ; c:/altera/90/quartus/libraries/megafunctions/alt_counter_f10ke.inc   ;
; alt_counter_stratix.inc          ; yes             ; Megafunction           ; c:/altera/90/quartus/libraries/megafunctions/alt_counter_stratix.inc ;
; aglobal90.inc                    ; yes             ; Megafunction           ; c:/altera/90/quartus/libraries/megafunctions/aglobal90.inc           ;
; alt_counter_f10ke.tdf            ; yes             ; Megafunction           ; c:/altera/90/quartus/libraries/megafunctions/alt_counter_f10ke.tdf   ;
; flex10ke_lcell.inc               ; yes             ; Megafunction           ; c:/altera/90/quartus/libraries/megafunctions/flex10ke_lcell.inc      ;
; lpm_add_sub.tdf                  ; yes             ; Megafunction           ; c:/altera/90/quartus/libraries/megafunctions/lpm_add_sub.tdf         ;
; addcore.inc                      ; yes             ; Megafunction           ; c:/altera/90/quartus/libraries/megafunctions/addcore.inc             ;
; look_add.inc                     ; yes             ; Megafunction           ; c:/altera/90/quartus/libraries/megafunctions/look_add.inc            ;
; bypassff.inc                     ; yes             ; Megafunction           ; c:/altera/90/quartus/libraries/megafunctions/bypassff.inc            ;
; altshift.inc                     ; yes             ; Megafunction           ; c:/altera/90/quartus/libraries/megafunctions/altshift.inc            ;
; alt_stratix_add_sub.inc          ; yes             ; Megafunction           ; c:/altera/90/quartus/libraries/megafunctions/alt_stratix_add_sub.inc ;
; alt_mercury_add_sub.inc          ; yes             ; Megafunction           ; c:/altera/90/quartus/libraries/megafunctions/alt_mercury_add_sub.inc ;
; addcore.tdf                      ; yes             ; Megafunction           ; c:/altera/90/quartus/libraries/megafunctions/addcore.tdf             ;
; a_csnbuffer.inc                  ; yes             ; Megafunction           ; c:/altera/90/quartus/libraries/megafunctions/a_csnbuffer.inc         ;
; a_csnbuffer.tdf                  ; yes             ; Megafunction           ; c:/altera/90/quartus/libraries/megafunctions/a_csnbuffer.tdf         ;
; altshift.tdf                     ; yes             ; Megafunction           ; c:/altera/90/quartus/libraries/megafunctions/altshift.tdf            ;
+----------------------------------+-----------------+------------------------+----------------------------------------------------------------------+


+------------------------------------------------+
; Analysis & Synthesis Resource Usage Summary    ;
+-----------------------------------+------------+
; Resource                          ; Usage      ;
+-----------------------------------+------------+
; Total logic elements              ; 208        ;
; Total combinational functions     ; 204        ;
;     -- Total 4-input functions    ; 118        ;
;     -- Total 3-input functions    ; 41         ;
;     -- Total 2-input functions    ; 35         ;
;     -- Total 1-input functions    ; 7          ;
;     -- Total 0-input functions    ; 3          ;
; Total registers                   ; 51         ;
; Total logic cells in carry chains ; 17         ;
; I/O pins                          ; 39         ;
; Maximum fan-out node              ; IP[0]~reg0 ;
; Maximum fan-out                   ; 56         ;
; Total fan-out                     ; 816        ;
; Average fan-out                   ; 3.30       ;
+-----------------------------------+------------+


+-----------------------------------------------------------------------------------------------------------------------------------------------------------------------------------------------------------------------------------------------------------------+
; Analysis & Synthesis Resource Utilization by Entity                                                                                                                                                                                                             ;
+----------------------------------------+-------------+--------------+-------------+------+--------------+-------------------+------------------+-----------------+------------+------------------------------------------------------------------+--------------+
; Compilation Hierarchy Node             ; Logic Cells ; LC Registers ; Memory Bits ; Pins ; LUT-Only LCs ; Register-Only LCs ; LUT/Register LCs ; Carry Chain LCs ; Packed LCs ; Full Hierarchy Name                                              ; Library Name ;
+----------------------------------------+-------------+--------------+-------------+------+--------------+-------------------+------------------+-----------------+------------+------------------------------------------------------------------+--------------+
; |Computer                              ; 208 (192)   ; 51           ; 0           ; 39   ; 157 (145)    ; 4 (4)             ; 47 (43)          ; 17 (1)          ; 0 (0)      ; |Computer                                                        ; work         ;
;    |lpm_add_sub:Add0|                  ; 4 (0)       ; 0            ; 0           ; 0    ; 4 (0)        ; 0 (0)             ; 0 (0)            ; 4 (0)           ; 0 (0)      ; |Computer|lpm_add_sub:Add0                                       ; work         ;
;       |addcore:adder|                  ; 4 (0)       ; 0            ; 0           ; 0    ; 4 (0)        ; 0 (0)             ; 0 (0)            ; 4 (0)           ; 0 (0)      ; |Computer|lpm_add_sub:Add0|addcore:adder                         ; work         ;
;          |a_csnbuffer:result_node|     ; 4 (4)       ; 0            ; 0           ; 0    ; 4 (4)        ; 0 (0)             ; 0 (0)            ; 4 (4)           ; 0 (0)      ; |Computer|lpm_add_sub:Add0|addcore:adder|a_csnbuffer:result_node ; work         ;
;    |lpm_add_sub:Add1|                  ; 4 (0)       ; 0            ; 0           ; 0    ; 4 (0)        ; 0 (0)             ; 0 (0)            ; 4 (0)           ; 0 (0)      ; |Computer|lpm_add_sub:Add1                                       ; work         ;
;       |addcore:adder|                  ; 4 (1)       ; 0            ; 0           ; 0    ; 4 (1)        ; 0 (0)             ; 0 (0)            ; 4 (1)           ; 0 (0)      ; |Computer|lpm_add_sub:Add1|addcore:adder                         ; work         ;
;          |a_csnbuffer:result_node|     ; 3 (3)       ; 0            ; 0           ; 0    ; 3 (3)        ; 0 (0)             ; 0 (0)            ; 3 (3)           ; 0 (0)      ; |Computer|lpm_add_sub:Add1|addcore:adder|a_csnbuffer:result_node ; work         ;
;    |lpm_add_sub:Add2|                  ; 4 (0)       ; 0            ; 0           ; 0    ; 4 (0)        ; 0 (0)             ; 0 (0)            ; 4 (0)           ; 0 (0)      ; |Computer|lpm_add_sub:Add2                                       ; work         ;
;       |addcore:adder|                  ; 4 (1)       ; 0            ; 0           ; 0    ; 4 (1)        ; 0 (0)             ; 0 (0)            ; 4 (1)           ; 0 (0)      ; |Computer|lpm_add_sub:Add2|addcore:adder                         ; work         ;
;          |a_csnbuffer:result_node|     ; 3 (3)       ; 0            ; 0           ; 0    ; 3 (3)        ; 0 (0)             ; 0 (0)            ; 3 (3)           ; 0 (0)      ; |Computer|lpm_add_sub:Add2|addcore:adder|a_csnbuffer:result_node ; work         ;
;    |lpm_counter:PC_rtl_0|              ; 4 (0)       ; 4            ; 0           ; 0    ; 0 (0)        ; 0 (0)             ; 4 (0)            ; 4 (0)           ; 0 (0)      ; |Computer|lpm_counter:PC_rtl_0                                   ; work         ;
;       |alt_counter_f10ke:wysi_counter| ; 4 (4)       ; 4            ; 0           ; 0    ; 0 (0)        ; 0 (0)             ; 4 (4)            ; 4 (4)           ; 0 (0)      ; |Computer|lpm_counter:PC_rtl_0|alt_counter_f10ke:wysi_counter    ; work         ;
+----------------------------------------+-------------+--------------+-------------+------+--------------+-------------------+------------------+-----------------+------------+------------------------------------------------------------------+--------------+
Note: For table entries with two numbers listed, the numbers in parentheses indicate the number of resources of the given type used by the specific entity alone. The numbers listed outside of parentheses indicate the total resources of the given type used by the specific entity and all of its sub-entities in the hierarchy.


+---------------------------------------------------------------------------------+
; Registers Removed During Synthesis                                              ;
+----------------------------------------+----------------------------------------+
; Register name                          ; Reason for Removal                     ;
+----------------------------------------+----------------------------------------+
; RAM[15][0]                             ; Stuck at GND due to stuck port data_in ;
; RAM[15][1]                             ; Stuck at GND due to stuck port data_in ;
; RAM[1][0]                              ; Stuck at GND due to stuck port data_in ;
; RAM[2][0]                              ; Stuck at GND due to stuck port data_in ;
; RAM[5][0]                              ; Stuck at GND due to stuck port data_in ;
; RAM[7][0]                              ; Stuck at GND due to stuck port data_in ;
; RAM[8][0]                              ; Stuck at GND due to stuck port data_in ;
; RAM[9][0]                              ; Stuck at GND due to stuck port data_in ;
; RAM[10][0]                             ; Stuck at GND due to stuck port data_in ;
; RAM[11][0]                             ; Stuck at GND due to stuck port data_in ;
; RAM[12][0]                             ; Stuck at GND due to stuck port data_in ;
; RAM[13][0]                             ; Stuck at GND due to stuck port data_in ;
; RAM[14][0]                             ; Stuck at GND due to stuck port data_in ;
; RAM[3][1]                              ; Stuck at GND due to stuck port data_in ;
; RAM[7][1]                              ; Stuck at GND due to stuck port data_in ;
; RAM[8][1]                              ; Stuck at GND due to stuck port data_in ;
; RAM[9][1]                              ; Stuck at GND due to stuck port data_in ;
; RAM[10][1]                             ; Stuck at GND due to stuck port data_in ;
; RAM[11][1]                             ; Stuck at GND due to stuck port data_in ;
; RAM[12][1]                             ; Stuck at GND due to stuck port data_in ;
; RAM[13][1]                             ; Stuck at GND due to stuck port data_in ;
; RAM[14][1]                             ; Stuck at GND due to stuck port data_in ;
; RAM[1][2]                              ; Stuck at GND due to stuck port data_in ;
; RAM[3][2]                              ; Stuck at GND due to stuck port data_in ;
; RAM[4][2]                              ; Stuck at GND due to stuck port data_in ;
; RAM[7][2]                              ; Stuck at GND due to stuck port data_in ;
; RAM[8][2]                              ; Stuck at GND due to stuck port data_in ;
; RAM[9][2]                              ; Stuck at GND due to stuck port data_in ;
; RAM[10][2]                             ; Stuck at GND due to stuck port data_in ;
; RAM[11][2]                             ; Stuck at GND due to stuck port data_in ;
; RAM[12][2]                             ; Stuck at GND due to stuck port data_in ;
; RAM[13][2]                             ; Stuck at GND due to stuck port data_in ;
; RAM[14][2]                             ; Stuck at GND due to stuck port data_in ;
; RAM[0][3]                              ; Stuck at GND due to stuck port data_in ;
; RAM[1][3]                              ; Stuck at GND due to stuck port data_in ;
; RAM[2][3]                              ; Stuck at GND due to stuck port data_in ;
; RAM[3][3]                              ; Stuck at GND due to stuck port data_in ;
; RAM[4][3]                              ; Stuck at GND due to stuck port data_in ;
; RAM[7][3]                              ; Stuck at GND due to stuck port data_in ;
; RAM[8][3]                              ; Stuck at GND due to stuck port data_in ;
; RAM[9][3]                              ; Stuck at GND due to stuck port data_in ;
; RAM[10][3]                             ; Stuck at GND due to stuck port data_in ;
; RAM[11][3]                             ; Stuck at GND due to stuck port data_in ;
; RAM[12][3]                             ; Stuck at GND due to stuck port data_in ;
; RAM[13][3]                             ; Stuck at GND due to stuck port data_in ;
; RAM[14][3]                             ; Stuck at GND due to stuck port data_in ;
; RAM[6][3]                              ; Merged with RAM[5][3]                  ;
; RAM[5][3]                              ; Merged with RAM[6][2]                  ;
; RAM[6][2]                              ; Merged with RAM[5][2]                  ;
; RAM[5][2]                              ; Merged with RAM[2][2]                  ;
; RAM[2][2]                              ; Merged with RAM[0][2]                  ;
; RAM[0][2]                              ; Merged with RAM[6][1]                  ;
; RAM[6][1]                              ; Merged with RAM[5][1]                  ;
; RAM[5][1]                              ; Merged with RAM[4][1]                  ;
; RAM[4][1]                              ; Merged with RAM[2][1]                  ;
; RAM[2][1]                              ; Merged with RAM[1][1]                  ;
; RAM[1][1]                              ; Merged with RAM[0][1]                  ;
; RAM[0][1]                              ; Merged with RAM[6][0]                  ;
; RAM[6][0]                              ; Merged with RAM[4][0]                  ;
; RAM[4][0]                              ; Merged with RAM[3][0]                  ;
; RAM[3][0]                              ; Merged with RAM[0][0]                  ;
; RAM[0][0]                              ; Merged with RAM[15][3]                 ;
; RAM[15][3]                             ; Merged with RAM[15][2]                 ;
; Total Number of Removed Registers = 63 ;                                        ;
+----------------------------------------+----------------------------------------+


+------------------------------------------------------+
; General Register Statistics                          ;
+----------------------------------------------+-------+
; Statistic                                    ; Value ;
+----------------------------------------------+-------+
; Total registers                              ; 51    ;
; Number of registers using Synchronous Clear  ; 4     ;
; Number of registers using Synchronous Load   ; 4     ;
; Number of registers using Asynchronous Clear ; 0     ;
; Number of registers using Asynchronous Load  ; 0     ;
; Number of registers using Clock Enable       ; 29    ;
; Number of registers using Preset             ; 0     ;
+----------------------------------------------+-------+


+--------------------------------------------------+
; Inverted Register Statistics                     ;
+----------------------------------------+---------+
; Inverted Register                      ; Fan out ;
+----------------------------------------+---------+
; RAM[15][2]                             ; 8       ;
; Total number of inverted registers = 1 ;         ;
+----------------------------------------+---------+


+-----------------------------------------------+
; Source assignments for lpm_counter:PC_rtl_0   ;
+---------------------------+-------+------+----+
; Assignment                ; Value ; From ; To ;
+---------------------------+-------+------+----+
; SUPPRESS_DA_RULE_INTERNAL ; a101  ; -    ; -  ;
; SUPPRESS_DA_RULE_INTERNAL ; s102  ; -    ; -  ;
; SUPPRESS_DA_RULE_INTERNAL ; s103  ; -    ; -  ;
+---------------------------+-------+------+----+


+-------------------------------------------------------+
; Source assignments for lpm_add_sub:Add0|addcore:adder ;
+---------------------------+-------+------+------------+
; Assignment                ; Value ; From ; To         ;
+---------------------------+-------+------+------------+
; SUPPRESS_DA_RULE_INTERNAL ; A103  ; -    ; -          ;
+---------------------------+-------+------+------------+


+-------------------------------------------------------+
; Source assignments for lpm_add_sub:Add2|addcore:adder ;
+---------------------------+-------+------+------------+
; Assignment                ; Value ; From ; To         ;
+---------------------------+-------+------+------------+
; SUPPRESS_DA_RULE_INTERNAL ; A103  ; -    ; -          ;
+---------------------------+-------+------+------------+


+-------------------------------------------------------+
; Source assignments for lpm_add_sub:Add1|addcore:adder ;
+---------------------------+-------+------+------------+
; Assignment                ; Value ; From ; To         ;
+---------------------------+-------+------+------------+
; SUPPRESS_DA_RULE_INTERNAL ; A103  ; -    ; -          ;
+---------------------------+-------+------+------------+


+-----------------------------------------------------------------------+
; Parameter Settings for Inferred Entity Instance: lpm_counter:PC_rtl_0 ;
+------------------------+-------------------+--------------------------+
; Parameter Name         ; Value             ; Type                     ;
+------------------------+-------------------+--------------------------+
; AUTO_CARRY_CHAINS      ; ON                ; AUTO_CARRY               ;
; IGNORE_CARRY_BUFFERS   ; OFF               ; IGNORE_CARRY             ;
; AUTO_CASCADE_CHAINS    ; ON                ; AUTO_CASCADE             ;
; IGNORE_CASCADE_BUFFERS ; OFF               ; IGNORE_CASCADE           ;
; LPM_WIDTH              ; 4                 ; Untyped                  ;
; LPM_DIRECTION          ; UP                ; Untyped                  ;
; LPM_MODULUS            ; 0                 ; Untyped                  ;
; LPM_AVALUE             ; UNUSED            ; Untyped                  ;
; LPM_SVALUE             ; UNUSED            ; Untyped                  ;
; LPM_PORT_UPDOWN        ; PORT_CONNECTIVITY ; Untyped                  ;
; DEVICE_FAMILY          ; FLEX10K           ; Untyped                  ;
; CARRY_CHAIN            ; MANUAL            ; Untyped                  ;
; CARRY_CHAIN_LENGTH     ; 48                ; CARRY_CHAIN_LENGTH       ;
; NOT_GATE_PUSH_BACK     ; ON                ; NOT_GATE_PUSH_BACK       ;
; CARRY_CNT_EN           ; SMART             ; Untyped                  ;
; LABWIDE_SCLR           ; ON                ; Untyped                  ;
; USE_NEW_VERSION        ; TRUE              ; Untyped                  ;
; CBXI_PARAMETER         ; NOTHING           ; Untyped                  ;
+------------------------+-------------------+--------------------------+
Note: In order to hide this table in the UI and the text report file, please set the "Show Parameter Settings Tables in Synthesis Report" option in "Analysis and Synthesis Settings -> More Settings" to "Off".


+-------------------------------------------------------------------+
; Parameter Settings for Inferred Entity Instance: lpm_add_sub:Add0 ;
+------------------------+-------------+----------------------------+
; Parameter Name         ; Value       ; Type                       ;
+------------------------+-------------+----------------------------+
; LPM_WIDTH              ; 5           ; Untyped                    ;
; LPM_REPRESENTATION     ; UNSIGNED    ; Untyped                    ;
; LPM_DIRECTION          ; ADD         ; Untyped                    ;
; ONE_INPUT_IS_CONSTANT  ; NO          ; Untyped                    ;
; LPM_PIPELINE           ; 0           ; Untyped                    ;
; MAXIMIZE_SPEED         ; 5           ; Untyped                    ;
; REGISTERED_AT_END      ; 0           ; Untyped                    ;
; OPTIMIZE_FOR_SPEED     ; 1           ; Untyped                    ;
; USE_CS_BUFFERS         ; 1           ; Untyped                    ;
; CARRY_CHAIN            ; MANUAL      ; Untyped                    ;
; CARRY_CHAIN_LENGTH     ; 48          ; CARRY_CHAIN_LENGTH         ;
; DEVICE_FAMILY          ; FLEX10K     ; Untyped                    ;
; USE_WYS                ; OFF         ; Untyped                    ;
; STYLE                  ; FAST        ; Untyped                    ;
; CBXI_PARAMETER         ; add_sub_ojh ; Untyped                    ;
; AUTO_CARRY_CHAINS      ; ON          ; AUTO_CARRY                 ;
; IGNORE_CARRY_BUFFERS   ; OFF         ; IGNORE_CARRY               ;
; AUTO_CASCADE_CHAINS    ; ON          ; AUTO_CASCADE               ;
; IGNORE_CASCADE_BUFFERS ; OFF         ; IGNORE_CASCADE             ;
+------------------------+-------------+----------------------------+
Note: In order to hide this table in the UI and the text report file, please set the "Show Parameter Settings Tables in Synthesis Report" option in "Analysis and Synthesis Settings -> More Settings" to "Off".


+-------------------------------------------------------------------+
; Parameter Settings for Inferred Entity Instance: lpm_add_sub:Add2 ;
+------------------------+-------------+----------------------------+
; Parameter Name         ; Value       ; Type                       ;
+------------------------+-------------+----------------------------+
; LPM_WIDTH              ; 5           ; Untyped                    ;
; LPM_REPRESENTATION     ; UNSIGNED    ; Untyped                    ;
; LPM_DIRECTION          ; ADD         ; Untyped                    ;
; ONE_INPUT_IS_CONSTANT  ; NO          ; Untyped                    ;
; LPM_PIPELINE           ; 0           ; Untyped                    ;
; MAXIMIZE_SPEED         ; 5           ; Untyped                    ;
; REGISTERED_AT_END      ; 0           ; Untyped                    ;
; OPTIMIZE_FOR_SPEED     ; 1           ; Untyped                    ;
; USE_CS_BUFFERS         ; 1           ; Untyped                    ;
; CARRY_CHAIN            ; MANUAL      ; Untyped                    ;
; CARRY_CHAIN_LENGTH     ; 48          ; CARRY_CHAIN_LENGTH         ;
; DEVICE_FAMILY          ; FLEX10K     ; Untyped                    ;
; USE_WYS                ; OFF         ; Untyped                    ;
; STYLE                  ; FAST        ; Untyped                    ;
; CBXI_PARAMETER         ; add_sub_ojh ; Untyped                    ;
; AUTO_CARRY_CHAINS      ; ON          ; AUTO_CARRY                 ;
; IGNORE_CARRY_BUFFERS   ; OFF         ; IGNORE_CARRY               ;
; AUTO_CASCADE_CHAINS    ; ON          ; AUTO_CASCADE               ;
; IGNORE_CASCADE_BUFFERS ; OFF         ; IGNORE_CASCADE             ;
+------------------------+-------------+----------------------------+
Note: In order to hide this table in the UI and the text report file, please set the "Show Parameter Settings Tables in Synthesis Report" option in "Analysis and Synthesis Settings -> More Settings" to "Off".


+-------------------------------------------------------------------+
; Parameter Settings for Inferred Entity Instance: lpm_add_sub:Add1 ;
+------------------------+-------------+----------------------------+
; Parameter Name         ; Value       ; Type                       ;
+------------------------+-------------+----------------------------+
; LPM_WIDTH              ; 5           ; Untyped                    ;
; LPM_REPRESENTATION     ; UNSIGNED    ; Untyped                    ;
; LPM_DIRECTION          ; ADD         ; Untyped                    ;
; ONE_INPUT_IS_CONSTANT  ; NO          ; Untyped                    ;
; LPM_PIPELINE           ; 0           ; Untyped                    ;
; MAXIMIZE_SPEED         ; 5           ; Untyped                    ;
; REGISTERED_AT_END      ; 0           ; Untyped                    ;
; OPTIMIZE_FOR_SPEED     ; 1           ; Untyped                    ;
; USE_CS_BUFFERS         ; 1           ; Untyped                    ;
; CARRY_CHAIN            ; MANUAL      ; Untyped                    ;
; CARRY_CHAIN_LENGTH     ; 48          ; CARRY_CHAIN_LENGTH         ;
; DEVICE_FAMILY          ; FLEX10K     ; Untyped                    ;
; USE_WYS                ; OFF         ; Untyped                    ;
; STYLE                  ; FAST        ; Untyped                    ;
; CBXI_PARAMETER         ; add_sub_ojh ; Untyped                    ;
; AUTO_CARRY_CHAINS      ; ON          ; AUTO_CARRY                 ;
; IGNORE_CARRY_BUFFERS   ; OFF         ; IGNORE_CARRY               ;
; AUTO_CASCADE_CHAINS    ; ON          ; AUTO_CASCADE               ;
; IGNORE_CASCADE_BUFFERS ; OFF         ; IGNORE_CASCADE             ;
+------------------------+-------------+----------------------------+
Note: In order to hide this table in the UI and the text report file, please set the "Show Parameter Settings Tables in Synthesis Report" option in "Analysis and Synthesis Settings -> More Settings" to "Off".


+-------------------------------+
; Analysis & Synthesis Messages ;
+-------------------------------+
Info: *******************************************************************
Info: Running Quartus II Analysis & Synthesis
    Info: Version 9.0 Build 132 02/25/2009 SJ Full Version
    Info: Processing started: Wed Mar 31 23:52:18 2021
Info: Command: quartus_map --read_settings_files=on --write_settings_files=off Computer -c Computer
Info: Found 1 design units, including 1 entities, in source file Computer.v
    Info: Found entity 1: Computer
Info: Elaborating entity "Computer" for the top level hierarchy
Warning (10230): Verilog HDL assignment warning at Computer.v(96): truncated value with size 32 to match size of target (4)
Warning (10230): Verilog HDL assignment warning at Computer.v(124): truncated value with size 32 to match size of target (2)
Warning (10230): Verilog HDL assignment warning at Computer.v(129): truncated value with size 32 to match size of target (2)
Warning (10230): Verilog HDL assignment warning at Computer.v(144): truncated value with size 32 to match size of target (2)
Warning (10230): Verilog HDL assignment warning at Computer.v(150): truncated value with size 32 to match size of target (2)
Warning (10230): Verilog HDL assignment warning at Computer.v(192): truncated value with size 32 to match size of target (4)
Warning (10230): Verilog HDL assignment warning at Computer.v(197): truncated value with size 32 to match size of target (4)
Info: Inferred 1 megafunctions from design logic
    Info: Inferred lpm_counter megafunction (LPM_WIDTH=4) from the following logic: "PC[0]~8"
Info: Inferred 3 megafunctions from design logic
    Info: Inferred adder/subtractor megafunction ("lpm_add_sub") from the following logic: "Add0"
    Info: Inferred adder/subtractor megafunction ("lpm_add_sub") from the following logic: "Add2"
    Info: Inferred adder/subtractor megafunction ("lpm_add_sub") from the following logic: "Add1"
Info: Elaborated megafunction instantiation "lpm_counter:PC_rtl_0"
Info: Instantiated megafunction "lpm_counter:PC_rtl_0" with the following parameter:
    Info: Parameter "LPM_WIDTH" = "4"
    Info: Parameter "LPM_DIRECTION" = "UP"
    Info: Parameter "LPM_TYPE" = "LPM_COUNTER"
Info: Elaborated megafunction instantiation "lpm_counter:PC_rtl_0|alt_counter_f10ke:wysi_counter", which is child of megafunction instantiation "lpm_counter:PC_rtl_0"
Info: Elaborated megafunction instantiation "lpm_add_sub:Add0"
Info: Instantiated megafunction "lpm_add_sub:Add0" with the following parameter:
    Info: Parameter "LPM_WIDTH" = "5"
    Info: Parameter "LPM_DIRECTION" = "ADD"
    Info: Parameter "LPM_REPRESENTATION" = "UNSIGNED"
    Info: Parameter "ONE_INPUT_IS_CONSTANT" = "NO"
Info: Elaborated megafunction instantiation "lpm_add_sub:Add0|addcore:adder", which is child of megafunction instantiation "lpm_add_sub:Add0"
Info: Elaborated megafunction instantiation "lpm_add_sub:Add0|addcore:adder|a_csnbuffer:oflow_node", which is child of megafunction instantiation "lpm_add_sub:Add0"
Info: Elaborated megafunction instantiation "lpm_add_sub:Add0|addcore:adder|a_csnbuffer:result_node", which is child of megafunction instantiation "lpm_add_sub:Add0"
Info: Elaborated megafunction instantiation "lpm_add_sub:Add0|altshift:result_ext_latency_ffs", which is child of megafunction instantiation "lpm_add_sub:Add0"
Info: Elaborated megafunction instantiation "lpm_add_sub:Add0|altshift:carry_ext_latency_ffs", which is child of megafunction instantiation "lpm_add_sub:Add0"
Info: Elaborated megafunction instantiation "lpm_add_sub:Add2"
Info: Instantiated megafunction "lpm_add_sub:Add2" with the following parameter:
    Info: Parameter "LPM_WIDTH" = "5"
    Info: Parameter "LPM_DIRECTION" = "ADD"
    Info: Parameter "LPM_REPRESENTATION" = "UNSIGNED"
    Info: Parameter "ONE_INPUT_IS_CONSTANT" = "NO"
Info: Implemented 247 device resources after synthesis - the final resource count might be different
    Info: Implemented 5 input pins
    Info: Implemented 34 output pins
    Info: Implemented 208 logic cells
Info: Quartus II Analysis & Synthesis was successful. 0 errors, 7 warnings
    Info: Peak virtual memory: 234 megabytes
    Info: Processing ended: Wed Mar 31 23:52:21 2021
    Info: Elapsed time: 00:00:03
    Info: Total CPU time (on all processors): 00:00:02


